2017-10-13 12:00:29 [Thread-109] DEBUG [org.hibernate.internal.SessionFactoryImpl] - HHH000031: Closing
2017-10-13 12:00:29 [Thread-109] DEBUG [org.hibernate.service.internal.AbstractServiceRegistryImpl] - Implicitly destroying ServiceRegistry on de-registration of all child ServiceRegistries
2017-10-13 12:00:29 [Thread-109] DEBUG [org.hibernate.boot.registry.internal.BootstrapServiceRegistryImpl] - Implicitly destroying Boot-strap registry on de-registration of all child ServiceRegistries
2017-10-13 12:00:29 [Thread-109] DEBUG [org.hibernate.jpa.internal.EntityManagerFactoryRegistry] - Remove: name=default
2017-10-13 12:00:31 [restartedMain] INFO  [com.gdyunst.ystadmin.YstadminApplication] - The following profiles are active: dev
2017-10-13 12:00:32 [restartedMain] DEBUG [org.mybatis.spring.boot.autoconfigure.MybatisAutoConfiguration] - Searching for mappers annotated with @Mapper
2017-10-13 12:00:32 [restartedMain] DEBUG [org.mybatis.spring.boot.autoconfigure.MybatisAutoConfiguration] - Using auto-configuration base package 'com.gdyunst.ystadmin'
2017-10-13 12:00:32 [restartedMain] WARN  [org.mybatis.spring.mapper.ClassPathMapperScanner] - No MyBatis mapper was found in '[com.gdyunst.ystadmin]' package. Please check your configuration.
2017-10-13 12:00:33 [restartedMain] DEBUG [org.hibernate.jpa.internal.util.LogHelper] - PersistenceUnitInfo [
	name: default
	persistence provider classname: null
	classloader: org.springframework.boot.devtools.restart.classloader.RestartClassLoader@3e34a9dc
	excludeUnlistedClasses: true
	JTA datasource: null
	Non JTA datasource: {
	CreateTime:"2017-10-13 12:00:32",
	ActiveCount:0,
	PoolingCount:5,
	CreateCount:5,
	DestroyCount:0,
	CloseCount:2,
	ConnectCount:2,
	Connections:[
		{ID:1392015523, ConnectTime:"2017-10-13 12:00:32", UseCount:0, LastActiveTime:"2017-10-13 12:00:32"},
		{ID:1733982269, ConnectTime:"2017-10-13 12:00:32", UseCount:0, LastActiveTime:"2017-10-13 12:00:32"},
		{ID:993209680, ConnectTime:"2017-10-13 12:00:32", UseCount:0, LastActiveTime:"2017-10-13 12:00:32"},
		{ID:757240462, ConnectTime:"2017-10-13 12:00:32", UseCount:0, LastActiveTime:"2017-10-13 12:00:32"},
		{ID:1007606505, ConnectTime:"2017-10-13 12:00:32", UseCount:2, LastActiveTime:"2017-10-13 12:00:33"}
	]
}

[
	{
	ID:1392015523, 
	poolStatements:[
		]
	},
	{
	ID:1733982269, 
	poolStatements:[
		]
	},
	{
	ID:993209680, 
	poolStatements:[
		]
	},
	{
	ID:757240462, 
	poolStatements:[
		]
	},
	{
	ID:1007606505, 
	poolStatements:[
		]
	}
]
	Transaction type: RESOURCE_LOCAL
	PU root URL: file:/F:/ds/git/ystadmin/ystadmin/target/classes/
	Shared Cache Mode: UNSPECIFIED
	Validation Mode: AUTO
	Jar files URLs []
	Managed classes names []
	Mapping files names []
	Properties []
2017-10-13 12:00:33 [restartedMain] DEBUG [org.hibernate.integrator.internal.IntegratorServiceImpl] - Adding Integrator [org.hibernate.cfg.beanvalidation.BeanValidationIntegrator].
2017-10-13 12:00:33 [restartedMain] DEBUG [org.hibernate.integrator.internal.IntegratorServiceImpl] - Adding Integrator [org.hibernate.secure.spi.JaccIntegrator].
2017-10-13 12:00:33 [restartedMain] DEBUG [org.hibernate.integrator.internal.IntegratorServiceImpl] - Adding Integrator [org.hibernate.cache.internal.CollectionCacheInvalidator].
2017-10-13 12:00:33 [restartedMain] DEBUG [org.hibernate.integrator.internal.IntegratorServiceImpl] - Adding Integrator [org.hibernate.jpa.event.spi.JpaIntegrator].
2017-10-13 12:00:33 [restartedMain] DEBUG [org.hibernate.service.spi.ServiceBinding] - Overriding existing service binding [org.hibernate.secure.spi.JaccService]
2017-10-13 12:00:33 [restartedMain] DEBUG [org.hibernate.cache.internal.RegionFactoryInitiator] - Cache region factory : org.hibernate.cache.internal.NoCachingRegionFactory
2017-10-13 12:00:33 [restartedMain] DEBUG [org.hibernate.type.BasicTypeRegistry] - Adding type registration boolean -> org.hibernate.type.BooleanType@3c9da7c4
2017-10-13 12:00:33 [restartedMain] DEBUG [org.hibernate.type.BasicTypeRegistry] - Adding type registration boolean -> org.hibernate.type.BooleanType@3c9da7c4
2017-10-13 12:00:33 [restartedMain] DEBUG [org.hibernate.type.BasicTypeRegistry] - Adding type registration java.lang.Boolean -> org.hibernate.type.BooleanType@3c9da7c4
2017-10-13 12:00:33 [restartedMain] DEBUG [org.hibernate.type.BasicTypeRegistry] - Adding type registration numeric_boolean -> org.hibernate.type.NumericBooleanType@3eb43c18
2017-10-13 12:00:33 [restartedMain] DEBUG [org.hibernate.type.BasicTypeRegistry] - Adding type registration true_false -> org.hibernate.type.TrueFalseType@1e58e652
2017-10-13 12:00:33 [restartedMain] DEBUG [org.hibernate.type.BasicTypeRegistry] - Adding type registration yes_no -> org.hibernate.type.YesNoType@768ecbba
2017-10-13 12:00:33 [restartedMain] DEBUG [org.hibernate.type.BasicTypeRegistry] - Adding type registration byte -> org.hibernate.type.ByteType@42d4856
2017-10-13 12:00:33 [restartedMain] DEBUG [org.hibernate.type.BasicTypeRegistry] - Adding type registration byte -> org.hibernate.type.ByteType@42d4856
2017-10-13 12:00:33 [restartedMain] DEBUG [org.hibernate.type.BasicTypeRegistry] - Adding type registration java.lang.Byte -> org.hibernate.type.ByteType@42d4856
2017-10-13 12:00:33 [restartedMain] DEBUG [org.hibernate.type.BasicTypeRegistry] - Adding type registration character -> org.hibernate.type.CharacterType@39a44363
2017-10-13 12:00:33 [restartedMain] DEBUG [org.hibernate.type.BasicTypeRegistry] - Adding type registration char -> org.hibernate.type.CharacterType@39a44363
2017-10-13 12:00:33 [restartedMain] DEBUG [org.hibernate.type.BasicTypeRegistry] - Adding type registration java.lang.Character -> org.hibernate.type.CharacterType@39a44363
2017-10-13 12:00:33 [restartedMain] DEBUG [org.hibernate.type.BasicTypeRegistry] - Adding type registration short -> org.hibernate.type.ShortType@49916a5d
2017-10-13 12:00:33 [restartedMain] DEBUG [org.hibernate.type.BasicTypeRegistry] - Adding type registration short -> org.hibernate.type.ShortType@49916a5d
2017-10-13 12:00:33 [restartedMain] DEBUG [org.hibernate.type.BasicTypeRegistry] - Adding type registration java.lang.Short -> org.hibernate.type.ShortType@49916a5d
2017-10-13 12:00:33 [restartedMain] DEBUG [org.hibernate.type.BasicTypeRegistry] - Adding type registration integer -> org.hibernate.type.IntegerType@123283a0
2017-10-13 12:00:33 [restartedMain] DEBUG [org.hibernate.type.BasicTypeRegistry] - Adding type registration int -> org.hibernate.type.IntegerType@123283a0
2017-10-13 12:00:33 [restartedMain] DEBUG [org.hibernate.type.BasicTypeRegistry] - Adding type registration java.lang.Integer -> org.hibernate.type.IntegerType@123283a0
2017-10-13 12:00:33 [restartedMain] DEBUG [org.hibernate.type.BasicTypeRegistry] - Adding type registration long -> org.hibernate.type.LongType@3b42593c
2017-10-13 12:00:33 [restartedMain] DEBUG [org.hibernate.type.BasicTypeRegistry] - Adding type registration long -> org.hibernate.type.LongType@3b42593c
2017-10-13 12:00:33 [restartedMain] DEBUG [org.hibernate.type.BasicTypeRegistry] - Adding type registration java.lang.Long -> org.hibernate.type.LongType@3b42593c
2017-10-13 12:00:33 [restartedMain] DEBUG [org.hibernate.type.BasicTypeRegistry] - Adding type registration float -> org.hibernate.type.FloatType@127ea473
2017-10-13 12:00:33 [restartedMain] DEBUG [org.hibernate.type.BasicTypeRegistry] - Adding type registration float -> org.hibernate.type.FloatType@127ea473
2017-10-13 12:00:33 [restartedMain] DEBUG [org.hibernate.type.BasicTypeRegistry] - Adding type registration java.lang.Float -> org.hibernate.type.FloatType@127ea473
2017-10-13 12:00:33 [restartedMain] DEBUG [org.hibernate.type.BasicTypeRegistry] - Adding type registration double -> org.hibernate.type.DoubleType@1e4ce035
2017-10-13 12:00:33 [restartedMain] DEBUG [org.hibernate.type.BasicTypeRegistry] - Adding type registration double -> org.hibernate.type.DoubleType@1e4ce035
2017-10-13 12:00:33 [restartedMain] DEBUG [org.hibernate.type.BasicTypeRegistry] - Adding type registration java.lang.Double -> org.hibernate.type.DoubleType@1e4ce035
2017-10-13 12:00:33 [restartedMain] DEBUG [org.hibernate.type.BasicTypeRegistry] - Adding type registration big_decimal -> org.hibernate.type.BigDecimalType@2d40705a
2017-10-13 12:00:33 [restartedMain] DEBUG [org.hibernate.type.BasicTypeRegistry] - Adding type registration java.math.BigDecimal -> org.hibernate.type.BigDecimalType@2d40705a
2017-10-13 12:00:33 [restartedMain] DEBUG [org.hibernate.type.BasicTypeRegistry] - Adding type registration big_integer -> org.hibernate.type.BigIntegerType@71ec79fb
2017-10-13 12:00:33 [restartedMain] DEBUG [org.hibernate.type.BasicTypeRegistry] - Adding type registration java.math.BigInteger -> org.hibernate.type.BigIntegerType@71ec79fb
2017-10-13 12:00:33 [restartedMain] DEBUG [org.hibernate.type.BasicTypeRegistry] - Adding type registration string -> org.hibernate.type.StringType@7b0568b9
2017-10-13 12:00:33 [restartedMain] DEBUG [org.hibernate.type.BasicTypeRegistry] - Adding type registration java.lang.String -> org.hibernate.type.StringType@7b0568b9
2017-10-13 12:00:33 [restartedMain] DEBUG [org.hibernate.type.BasicTypeRegistry] - Adding type registration nstring -> org.hibernate.type.StringNVarcharType@63a04e12
2017-10-13 12:00:33 [restartedMain] DEBUG [org.hibernate.type.BasicTypeRegistry] - Adding type registration ncharacter -> org.hibernate.type.CharacterNCharType@6aac3a35
2017-10-13 12:00:33 [restartedMain] DEBUG [org.hibernate.type.BasicTypeRegistry] - Adding type registration url -> org.hibernate.type.UrlType@25afeb9c
2017-10-13 12:00:33 [restartedMain] DEBUG [org.hibernate.type.BasicTypeRegistry] - Adding type registration java.net.URL -> org.hibernate.type.UrlType@25afeb9c
2017-10-13 12:00:33 [restartedMain] DEBUG [org.hibernate.type.BasicTypeRegistry] - Adding type registration date -> org.hibernate.type.DateType@1d4bbef7
2017-10-13 12:00:33 [restartedMain] DEBUG [org.hibernate.type.BasicTypeRegistry] - Adding type registration java.sql.Date -> org.hibernate.type.DateType@1d4bbef7
2017-10-13 12:00:33 [restartedMain] DEBUG [org.hibernate.type.BasicTypeRegistry] - Adding type registration time -> org.hibernate.type.TimeType@4f9d915a
2017-10-13 12:00:33 [restartedMain] DEBUG [org.hibernate.type.BasicTypeRegistry] - Adding type registration java.sql.Time -> org.hibernate.type.TimeType@4f9d915a
2017-10-13 12:00:33 [restartedMain] DEBUG [org.hibernate.type.BasicTypeRegistry] - Adding type registration timestamp -> org.hibernate.type.TimestampType@512b59e3
2017-10-13 12:00:33 [restartedMain] DEBUG [org.hibernate.type.BasicTypeRegistry] - Adding type registration java.sql.Timestamp -> org.hibernate.type.TimestampType@512b59e3
2017-10-13 12:00:33 [restartedMain] DEBUG [org.hibernate.type.BasicTypeRegistry] - Adding type registration java.util.Date -> org.hibernate.type.TimestampType@512b59e3
2017-10-13 12:00:33 [restartedMain] DEBUG [org.hibernate.type.BasicTypeRegistry] - Adding type registration dbtimestamp -> org.hibernate.type.DbTimestampType@2cde7ebb
2017-10-13 12:00:33 [restartedMain] DEBUG [org.hibernate.type.BasicTypeRegistry] - Adding type registration calendar -> org.hibernate.type.CalendarType@17a94124
2017-10-13 12:00:33 [restartedMain] DEBUG [org.hibernate.type.BasicTypeRegistry] - Adding type registration java.util.Calendar -> org.hibernate.type.CalendarType@17a94124
2017-10-13 12:00:33 [restartedMain] DEBUG [org.hibernate.type.BasicTypeRegistry] - Adding type registration java.util.GregorianCalendar -> org.hibernate.type.CalendarType@17a94124
2017-10-13 12:00:33 [restartedMain] DEBUG [org.hibernate.type.BasicTypeRegistry] - Adding type registration calendar_date -> org.hibernate.type.CalendarDateType@69eaffbd
2017-10-13 12:00:33 [restartedMain] DEBUG [org.hibernate.type.BasicTypeRegistry] - Adding type registration locale -> org.hibernate.type.LocaleType@3a27db70
2017-10-13 12:00:33 [restartedMain] DEBUG [org.hibernate.type.BasicTypeRegistry] - Adding type registration java.util.Locale -> org.hibernate.type.LocaleType@3a27db70
2017-10-13 12:00:33 [restartedMain] DEBUG [org.hibernate.type.BasicTypeRegistry] - Adding type registration currency -> org.hibernate.type.CurrencyType@1b70fafd
2017-10-13 12:00:33 [restartedMain] DEBUG [org.hibernate.type.BasicTypeRegistry] - Adding type registration java.util.Currency -> org.hibernate.type.CurrencyType@1b70fafd
2017-10-13 12:00:33 [restartedMain] DEBUG [org.hibernate.type.BasicTypeRegistry] - Adding type registration timezone -> org.hibernate.type.TimeZoneType@2b2094bb
2017-10-13 12:00:33 [restartedMain] DEBUG [org.hibernate.type.BasicTypeRegistry] - Adding type registration java.util.TimeZone -> org.hibernate.type.TimeZoneType@2b2094bb
2017-10-13 12:00:33 [restartedMain] DEBUG [org.hibernate.type.BasicTypeRegistry] - Adding type registration class -> org.hibernate.type.ClassType@4023bb46
2017-10-13 12:00:33 [restartedMain] DEBUG [org.hibernate.type.BasicTypeRegistry] - Adding type registration java.lang.Class -> org.hibernate.type.ClassType@4023bb46
2017-10-13 12:00:33 [restartedMain] DEBUG [org.hibernate.type.BasicTypeRegistry] - Adding type registration uuid-binary -> org.hibernate.type.UUIDBinaryType@1db6d6bd
2017-10-13 12:00:33 [restartedMain] DEBUG [org.hibernate.type.BasicTypeRegistry] - Adding type registration java.util.UUID -> org.hibernate.type.UUIDBinaryType@1db6d6bd
2017-10-13 12:00:33 [restartedMain] DEBUG [org.hibernate.type.BasicTypeRegistry] - Adding type registration uuid-char -> org.hibernate.type.UUIDCharType@76d72486
2017-10-13 12:00:33 [restartedMain] DEBUG [org.hibernate.type.BasicTypeRegistry] - Adding type registration binary -> org.hibernate.type.BinaryType@41183d3c
2017-10-13 12:00:33 [restartedMain] DEBUG [org.hibernate.type.BasicTypeRegistry] - Adding type registration byte[] -> org.hibernate.type.BinaryType@41183d3c
2017-10-13 12:00:33 [restartedMain] DEBUG [org.hibernate.type.BasicTypeRegistry] - Adding type registration [B -> org.hibernate.type.BinaryType@41183d3c
2017-10-13 12:00:33 [restartedMain] DEBUG [org.hibernate.type.BasicTypeRegistry] - Adding type registration wrapper-binary -> org.hibernate.type.WrapperBinaryType@4ee348e9
2017-10-13 12:00:33 [restartedMain] DEBUG [org.hibernate.type.BasicTypeRegistry] - Adding type registration Byte[] -> org.hibernate.type.WrapperBinaryType@4ee348e9
2017-10-13 12:00:33 [restartedMain] DEBUG [org.hibernate.type.BasicTypeRegistry] - Adding type registration [Ljava.lang.Byte; -> org.hibernate.type.WrapperBinaryType@4ee348e9
2017-10-13 12:00:33 [restartedMain] DEBUG [org.hibernate.type.BasicTypeRegistry] - Adding type registration row_version -> org.hibernate.type.RowVersionType@3a012100
2017-10-13 12:00:33 [restartedMain] DEBUG [org.hibernate.type.BasicTypeRegistry] - Adding type registration image -> org.hibernate.type.ImageType@6617c9d7
2017-10-13 12:00:33 [restartedMain] DEBUG [org.hibernate.type.BasicTypeRegistry] - Adding type registration characters -> org.hibernate.type.CharArrayType@47ef0016
2017-10-13 12:00:33 [restartedMain] DEBUG [org.hibernate.type.BasicTypeRegistry] - Adding type registration char[] -> org.hibernate.type.CharArrayType@47ef0016
2017-10-13 12:00:33 [restartedMain] DEBUG [org.hibernate.type.BasicTypeRegistry] - Adding type registration [C -> org.hibernate.type.CharArrayType@47ef0016
2017-10-13 12:00:33 [restartedMain] DEBUG [org.hibernate.type.BasicTypeRegistry] - Adding type registration wrapper-characters -> org.hibernate.type.CharacterArrayType@39d40f0f
2017-10-13 12:00:33 [restartedMain] DEBUG [org.hibernate.type.BasicTypeRegistry] - Adding type registration [Ljava.lang.Character; -> org.hibernate.type.CharacterArrayType@39d40f0f
2017-10-13 12:00:33 [restartedMain] DEBUG [org.hibernate.type.BasicTypeRegistry] - Adding type registration Character[] -> org.hibernate.type.CharacterArrayType@39d40f0f
2017-10-13 12:00:33 [restartedMain] DEBUG [org.hibernate.type.BasicTypeRegistry] - Adding type registration text -> org.hibernate.type.TextType@3c69f03c
2017-10-13 12:00:33 [restartedMain] DEBUG [org.hibernate.type.BasicTypeRegistry] - Adding type registration ntext -> org.hibernate.type.NTextType@594c9cb6
2017-10-13 12:00:33 [restartedMain] DEBUG [org.hibernate.type.BasicTypeRegistry] - Adding type registration blob -> org.hibernate.type.BlobType@2e4d8dba
2017-10-13 12:00:33 [restartedMain] DEBUG [org.hibernate.type.BasicTypeRegistry] - Adding type registration java.sql.Blob -> org.hibernate.type.BlobType@2e4d8dba
2017-10-13 12:00:33 [restartedMain] DEBUG [org.hibernate.type.BasicTypeRegistry] - Adding type registration materialized_blob -> org.hibernate.type.MaterializedBlobType@58e0d11b
2017-10-13 12:00:33 [restartedMain] DEBUG [org.hibernate.type.BasicTypeRegistry] - Adding type registration clob -> org.hibernate.type.ClobType@79aff91a
2017-10-13 12:00:33 [restartedMain] DEBUG [org.hibernate.type.BasicTypeRegistry] - Adding type registration java.sql.Clob -> org.hibernate.type.ClobType@79aff91a
2017-10-13 12:00:33 [restartedMain] DEBUG [org.hibernate.type.BasicTypeRegistry] - Adding type registration nclob -> org.hibernate.type.NClobType@5cca2cf4
2017-10-13 12:00:33 [restartedMain] DEBUG [org.hibernate.type.BasicTypeRegistry] - Adding type registration java.sql.NClob -> org.hibernate.type.NClobType@5cca2cf4
2017-10-13 12:00:33 [restartedMain] DEBUG [org.hibernate.type.BasicTypeRegistry] - Adding type registration materialized_clob -> org.hibernate.type.MaterializedClobType@796f570e
2017-10-13 12:00:33 [restartedMain] DEBUG [org.hibernate.type.BasicTypeRegistry] - Adding type registration materialized_nclob -> org.hibernate.type.MaterializedNClobType@801c67a
2017-10-13 12:00:33 [restartedMain] DEBUG [org.hibernate.type.BasicTypeRegistry] - Adding type registration serializable -> org.hibernate.type.SerializableType@d0d7cf6
2017-10-13 12:00:33 [restartedMain] DEBUG [org.hibernate.type.BasicTypeRegistry] - Adding type registration object -> org.hibernate.type.ObjectType@1dbf2e58
2017-10-13 12:00:33 [restartedMain] DEBUG [org.hibernate.type.BasicTypeRegistry] - Adding type registration java.lang.Object -> org.hibernate.type.ObjectType@1dbf2e58
2017-10-13 12:00:33 [restartedMain] DEBUG [org.hibernate.type.BasicTypeRegistry] - Adding type registration imm_date -> org.hibernate.type.AdaptedImmutableType@1c123920
2017-10-13 12:00:33 [restartedMain] DEBUG [org.hibernate.type.BasicTypeRegistry] - Adding type registration imm_time -> org.hibernate.type.AdaptedImmutableType@74e4dfc3
2017-10-13 12:00:33 [restartedMain] DEBUG [org.hibernate.type.BasicTypeRegistry] - Adding type registration imm_timestamp -> org.hibernate.type.AdaptedImmutableType@151a5fd7
2017-10-13 12:00:33 [restartedMain] DEBUG [org.hibernate.type.BasicTypeRegistry] - Adding type registration imm_dbtimestamp -> org.hibernate.type.AdaptedImmutableType@4f3f10ca
2017-10-13 12:00:33 [restartedMain] DEBUG [org.hibernate.type.BasicTypeRegistry] - Adding type registration imm_calendar -> org.hibernate.type.AdaptedImmutableType@42e9eb34
2017-10-13 12:00:33 [restartedMain] DEBUG [org.hibernate.type.BasicTypeRegistry] - Adding type registration imm_calendar_date -> org.hibernate.type.AdaptedImmutableType@10212e6d
2017-10-13 12:00:33 [restartedMain] DEBUG [org.hibernate.type.BasicTypeRegistry] - Adding type registration imm_binary -> org.hibernate.type.AdaptedImmutableType@57022f59
2017-10-13 12:00:33 [restartedMain] DEBUG [org.hibernate.type.BasicTypeRegistry] - Adding type registration imm_serializable -> org.hibernate.type.AdaptedImmutableType@608ccc33
2017-10-13 12:00:33 [restartedMain] DEBUG [org.hibernate.engine.jdbc.env.internal.JdbcEnvironmentInitiator] - Database ->
       name : MySQL
    version : 5.6.32-log
      major : 5
      minor : 6
2017-10-13 12:00:33 [restartedMain] DEBUG [org.hibernate.engine.jdbc.env.internal.JdbcEnvironmentInitiator] - Driver ->
       name : MySQL Connector Java
    version : mysql-connector-java-5.1.43 ( Revision: 1d14b699eff3e6112aaedb1cbe5a151ab81f98f1 )
      major : 5
      minor : 1
2017-10-13 12:00:33 [restartedMain] DEBUG [org.hibernate.engine.jdbc.env.internal.JdbcEnvironmentInitiator] - JDBC version : 4.0
2017-10-13 12:00:33 [restartedMain] INFO  [org.hibernate.dialect.Dialect] - HHH000400: Using dialect: org.hibernate.dialect.MySQL5Dialect
2017-10-13 12:00:33 [restartedMain] DEBUG [org.hibernate.engine.jdbc.env.spi.IdentifierHelperBuilder] - JDBC driver metadata reported database stores quoted identifiers in more than one case
2017-10-13 12:00:33 [restartedMain] DEBUG [org.hibernate.engine.jdbc.env.spi.IdentifierHelperBuilder] - IdentifierCaseStrategy for both quoted and unquoted identifiers was set to the same strategy [LOWER]; that will likely lead to problems in schema update and validation if using quoted identifiers
2017-10-13 12:00:33 [restartedMain] DEBUG [org.hibernate.id.factory.internal.DefaultIdentifierGeneratorFactory] - Registering IdentifierGenerator strategy [uuid2] -> [org.hibernate.id.UUIDGenerator]
2017-10-13 12:00:33 [restartedMain] DEBUG [org.hibernate.id.factory.internal.DefaultIdentifierGeneratorFactory] - Registering IdentifierGenerator strategy [guid] -> [org.hibernate.id.GUIDGenerator]
2017-10-13 12:00:33 [restartedMain] DEBUG [org.hibernate.id.factory.internal.DefaultIdentifierGeneratorFactory] - Registering IdentifierGenerator strategy [uuid] -> [org.hibernate.id.UUIDHexGenerator]
2017-10-13 12:00:33 [restartedMain] DEBUG [org.hibernate.id.factory.internal.DefaultIdentifierGeneratorFactory] - Registering IdentifierGenerator strategy [uuid.hex] -> [org.hibernate.id.UUIDHexGenerator]
2017-10-13 12:00:33 [restartedMain] DEBUG [org.hibernate.id.factory.internal.DefaultIdentifierGeneratorFactory] - Registering IdentifierGenerator strategy [assigned] -> [org.hibernate.id.Assigned]
2017-10-13 12:00:33 [restartedMain] DEBUG [org.hibernate.id.factory.internal.DefaultIdentifierGeneratorFactory] - Registering IdentifierGenerator strategy [identity] -> [org.hibernate.id.IdentityGenerator]
2017-10-13 12:00:33 [restartedMain] DEBUG [org.hibernate.id.factory.internal.DefaultIdentifierGeneratorFactory] - Registering IdentifierGenerator strategy [select] -> [org.hibernate.id.SelectGenerator]
2017-10-13 12:00:33 [restartedMain] DEBUG [org.hibernate.id.factory.internal.DefaultIdentifierGeneratorFactory] - Registering IdentifierGenerator strategy [sequence] -> [org.hibernate.id.enhanced.SequenceStyleGenerator]
2017-10-13 12:00:33 [restartedMain] DEBUG [org.hibernate.id.factory.internal.DefaultIdentifierGeneratorFactory] - Registering IdentifierGenerator strategy [seqhilo] -> [org.hibernate.id.SequenceHiLoGenerator]
2017-10-13 12:00:33 [restartedMain] DEBUG [org.hibernate.id.factory.internal.DefaultIdentifierGeneratorFactory] - Registering IdentifierGenerator strategy [increment] -> [org.hibernate.id.IncrementGenerator]
2017-10-13 12:00:33 [restartedMain] DEBUG [org.hibernate.id.factory.internal.DefaultIdentifierGeneratorFactory] - Registering IdentifierGenerator strategy [foreign] -> [org.hibernate.id.ForeignGenerator]
2017-10-13 12:00:33 [restartedMain] DEBUG [org.hibernate.id.factory.internal.DefaultIdentifierGeneratorFactory] - Registering IdentifierGenerator strategy [sequence-identity] -> [org.hibernate.id.SequenceIdentityGenerator]
2017-10-13 12:00:33 [restartedMain] DEBUG [org.hibernate.id.factory.internal.DefaultIdentifierGeneratorFactory] - Registering IdentifierGenerator strategy [enhanced-sequence] -> [org.hibernate.id.enhanced.SequenceStyleGenerator]
2017-10-13 12:00:33 [restartedMain] DEBUG [org.hibernate.id.factory.internal.DefaultIdentifierGeneratorFactory] - Registering IdentifierGenerator strategy [enhanced-table] -> [org.hibernate.id.enhanced.TableGenerator]
2017-10-13 12:00:33 [restartedMain] DEBUG [org.hibernate.id.factory.internal.DefaultIdentifierGeneratorFactory] - Registering IdentifierGenerator strategy [sequence] -> [org.hibernate.id.SequenceGenerator]
2017-10-13 12:00:33 [restartedMain] DEBUG [org.hibernate.id.factory.internal.DefaultIdentifierGeneratorFactory] -     - overriding [org.hibernate.id.enhanced.SequenceStyleGenerator]
2017-10-13 12:00:33 [restartedMain] DEBUG [org.hibernate.boot.model.relational.Namespace] - Created database namespace [logicalName=Name{catalog=null, schema=null}, physicalName=Name{catalog=null, schema=null}]
2017-10-13 12:00:33 [restartedMain] DEBUG [org.hibernate.internal.SessionFactoryImpl] - Building session factory
2017-10-13 12:00:33 [restartedMain] DEBUG [org.hibernate.cfg.Settings] - SessionFactory name : null
2017-10-13 12:00:33 [restartedMain] DEBUG [org.hibernate.cfg.Settings] - Automatic flush during beforeCompletion(): disabled
2017-10-13 12:00:33 [restartedMain] DEBUG [org.hibernate.cfg.Settings] - Automatic session close at end of transaction: disabled
2017-10-13 12:00:33 [restartedMain] DEBUG [org.hibernate.cfg.Settings] - Statistics: disabled
2017-10-13 12:00:33 [restartedMain] DEBUG [org.hibernate.cfg.Settings] - Deleted entity synthetic identifier rollback: disabled
2017-10-13 12:00:33 [restartedMain] DEBUG [org.hibernate.cfg.Settings] - Default entity-mode: pojo
2017-10-13 12:00:33 [restartedMain] DEBUG [org.hibernate.cfg.Settings] - Check Nullability in Core (should be disabled when Bean Validation is on): enabled
2017-10-13 12:00:33 [restartedMain] DEBUG [org.hibernate.cfg.Settings] - Allow initialization of lazy state outside session : disabled
2017-10-13 12:00:33 [restartedMain] DEBUG [org.hibernate.cfg.Settings] - Using BatchFetchStyle : LEGACY
2017-10-13 12:00:33 [restartedMain] DEBUG [org.hibernate.cfg.Settings] - Default batch fetch size: -1
2017-10-13 12:00:33 [restartedMain] DEBUG [org.hibernate.cfg.Settings] - Maximum outer join fetch depth: 2
2017-10-13 12:00:33 [restartedMain] DEBUG [org.hibernate.cfg.Settings] - Default null ordering: NONE
2017-10-13 12:00:33 [restartedMain] DEBUG [org.hibernate.cfg.Settings] - Order SQL updates by primary key: disabled
2017-10-13 12:00:33 [restartedMain] DEBUG [org.hibernate.cfg.Settings] - Order SQL inserts for batching: disabled
2017-10-13 12:00:33 [restartedMain] DEBUG [org.hibernate.cfg.Settings] - multi-tenancy strategy : NONE
2017-10-13 12:00:33 [restartedMain] DEBUG [org.hibernate.cfg.Settings] - JTA Track by Thread: enabled
2017-10-13 12:00:33 [restartedMain] DEBUG [org.hibernate.cfg.Settings] - Query language substitutions: {}
2017-10-13 12:00:33 [restartedMain] DEBUG [org.hibernate.cfg.Settings] - JPA query language strict compliance: disabled
2017-10-13 12:00:33 [restartedMain] DEBUG [org.hibernate.cfg.Settings] - Named query checking : enabled
2017-10-13 12:00:33 [restartedMain] DEBUG [org.hibernate.cfg.Settings] - Second-level cache: enabled
2017-10-13 12:00:33 [restartedMain] DEBUG [org.hibernate.cfg.Settings] - Second-level query cache: disabled
2017-10-13 12:00:33 [restartedMain] DEBUG [org.hibernate.cfg.Settings] - Second-level query cache factory: org.hibernate.cache.internal.StandardQueryCacheFactory@5fe96d15
2017-10-13 12:00:33 [restartedMain] DEBUG [org.hibernate.cfg.Settings] - Second-level cache region prefix: null
2017-10-13 12:00:33 [restartedMain] DEBUG [org.hibernate.cfg.Settings] - Optimize second-level cache for minimal puts: disabled
2017-10-13 12:00:33 [restartedMain] DEBUG [org.hibernate.cfg.Settings] - Structured second-level cache entries: disabled
2017-10-13 12:00:33 [restartedMain] DEBUG [org.hibernate.cfg.Settings] - Second-level cache direct-reference entries: disabled
2017-10-13 12:00:33 [restartedMain] DEBUG [org.hibernate.cfg.Settings] - Automatic eviction of collection cache: disabled
2017-10-13 12:00:33 [restartedMain] DEBUG [org.hibernate.cfg.Settings] - JDBC batch size: 15
2017-10-13 12:00:33 [restartedMain] DEBUG [org.hibernate.cfg.Settings] - JDBC batch updates for versioned data: enabled
2017-10-13 12:00:33 [restartedMain] DEBUG [org.hibernate.cfg.Settings] - Scrollable result sets: enabled
2017-10-13 12:00:33 [restartedMain] DEBUG [org.hibernate.cfg.Settings] - Wrap result sets: disabled
2017-10-13 12:00:33 [restartedMain] DEBUG [org.hibernate.cfg.Settings] - JDBC3 getGeneratedKeys(): enabled
2017-10-13 12:00:33 [restartedMain] DEBUG [org.hibernate.cfg.Settings] - JDBC result set fetch size: null
2017-10-13 12:00:33 [restartedMain] DEBUG [org.hibernate.cfg.Settings] - Connection release mode: ON_CLOSE
2017-10-13 12:00:33 [restartedMain] DEBUG [org.hibernate.cfg.Settings] - Generate SQL with comments: disabled
2017-10-13 12:00:33 [restartedMain] DEBUG [org.hibernate.internal.SessionFactoryImpl] - Returning a Reference to the SessionFactory
2017-10-13 12:00:33 [restartedMain] DEBUG [org.hibernate.internal.SessionFactoryImpl] - Session factory constructed with filter configurations : {}
2017-10-13 12:00:33 [restartedMain] DEBUG [org.hibernate.internal.SessionFactoryImpl] - Instantiating session factory with properties: {java.vendor=Oracle Corporation, sun.java.launcher=SUN_STANDARD, catalina.base=C:\Users\Administrator\deployer\tomcat, sun.management.compiler=HotSpot 64-Bit Tiered Compilers, catalina.useNaming=false, hibernate.implicit_naming_strategy=org.springframework.boot.orm.jpa.hibernate.SpringImplicitNamingStrategy, os.name=Windows 7, sun.boot.class.path=D:\Java\Java1.8\JDK1.8\jre\lib\resources.jar;D:\Java\Java1.8\JDK1.8\jre\lib\rt.jar;D:\Java\Java1.8\JDK1.8\jre\lib\sunrsasign.jar;D:\Java\Java1.8\JDK1.8\jre\lib\jsse.jar;D:\Java\Java1.8\JDK1.8\jre\lib\jce.jar;D:\Java\Java1.8\JDK1.8\jre\lib\charsets.jar;D:\Java\Java1.8\JDK1.8\jre\lib\jfr.jar;D:\Java\Java1.8\JDK1.8\jre\classes, sun.desktop=windows, java.vm.specification.vendor=Oracle Corporation, java.runtime.version=1.8.0_102-b14, user.name=Administrator, javax.persistence.validation.mode=AUTO, user.language=zh, sun.boot.library.path=D:\Java\Java1.8\JDK1.8\jre\bin, PID=4712, java.version=1.8.0_102, user.timezone=Asia/Shanghai, sun.arch.data.model=64, java.endorsed.dirs=D:\Java\Java1.8\JDK1.8\jre\lib\endorsed, sun.cpu.isalist=amd64, sun.jnu.encoding=GBK, file.encoding.pkg=sun.io, file.separator=\, java.specification.name=Java Platform API Specification, java.class.version=52.0, com.netflix.servo.DefaultMonitorRegistry.registryClass=com.netflix.servo.BasicMonitorRegistry, user.country=CN, java.home=D:\Java\Java1.8\JDK1.8\jre, java.vm.info=mixed mode, os.version=6.1, hibernate.boot.CfgXmlAccessService.key=org.hibernate.boot.cfgxml.spi.LoadedConfig@28f12e67, hibernate.connection.datasource={
	CreateTime:"2017-10-13 12:00:32",
	ActiveCount:0,
	PoolingCount:5,
	CreateCount:5,
	DestroyCount:0,
	CloseCount:3,
	ConnectCount:3,
	Connections:[
		{ID:1392015523, ConnectTime:"2017-10-13 12:00:32", UseCount:0, LastActiveTime:"2017-10-13 12:00:32"},
		{ID:1733982269, ConnectTime:"2017-10-13 12:00:32", UseCount:0, LastActiveTime:"2017-10-13 12:00:32"},
		{ID:993209680, ConnectTime:"2017-10-13 12:00:32", UseCount:0, LastActiveTime:"2017-10-13 12:00:32"},
		{ID:757240462, ConnectTime:"2017-10-13 12:00:32", UseCount:0, LastActiveTime:"2017-10-13 12:00:32"},
		{ID:1007606505, ConnectTime:"2017-10-13 12:00:32", UseCount:3, LastActiveTime:"2017-10-13 12:00:33"}
	]
}

[
	{
	ID:1392015523, 
	poolStatements:[
		]
	},
	{
	ID:1733982269, 
	poolStatements:[
		]
	},
	{
	ID:993209680, 
	poolStatements:[
		]
	},
	{
	ID:757240462, 
	poolStatements:[
		]
	},
	{
	ID:1007606505, 
	poolStatements:[
		]
	}
], path.separator=;, java.vm.version=25.102-b14, user.variant=, hibernate.id.new_generator_mappings=false, java.awt.printerjob=sun.awt.windows.WPrinterJob, sun.io.unicode.encoding=UnicodeLittle, awt.toolkit=sun.awt.windows.WToolkit, user.script=, user.home=C:\Users\Administrator, java.specification.vendor=Oracle Corporation, hibernate.transaction.coordinator_class=class org.hibernate.resource.transaction.backend.jdbc.internal.JdbcResourceLocalTransactionCoordinatorBuilderImpl, java.library.path=D:\Java\Java1.8\JDK1.8\jre\bin;C:\Windows\Sun\Java\bin;C:\Windows\system32;C:\Windows;C:/Program Files/Java/jre1.8.0_131/bin/server;C:/Program Files/Java/jre1.8.0_131/bin;C:/Program Files/Java/jre1.8.0_131/lib/amd64;C:\ProgramData\Oracle\Java\javapath;C:\Windows\system32;C:\Windows;C:\Windows\System32\Wbem;C:\Windows\System32\WindowsPowerShell\v1.0\;D:\software\svn\TortoiseSVN\bin;D:\Java\maven-3.3.3\bin;D:\Java\Java1.8\JDK1.8\bin;C:\Program Files (x86)\MySQL\MySQL Fabric 1.5 & MySQL Utilities 1.5\;C:\Program Files (x86)\MySQL\MySQL Fabric 1.5 & MySQL Utilities 1.5\Doctrine extensions for PHP\;D:\Program Files\VisualSVN Server\bin;D:\Oracle\Instant Client\bin;F:\Mysql\mysql-5.6.25-winx64\bin;D:\software\tomcat\apache-tomcat-7.0.56\bin;;F:\ds\ide\sts-bundle\sts-3.9.0.RELEASE;;., java.vendor.url=http://java.oracle.com/, spring.beaninfo.ignore=true, java.vm.vendor=Oracle Corporation, hibernate.dialect=org.hibernate.dialect.MySQL5Dialect, hibernate.ejb.persistenceUnitName=default, java.runtime.name=Java(TM) SE Runtime Environment, sun.java.command=com.gdyunst.ystadmin.YstadminApplication, java.class.path=F:\ds\git\ystadmin\ystadmin\target\classes;C:\Users\Administrator\.m2\repository\io\jsonwebtoken\jjwt\0.7.0\jjwt-0.7.0.jar;C:\Users\Administrator\.m2\repository\com\fasterxml\jackson\core\jackson-databind\2.8.9\jackson-databind-2.8.9.jar;C:\Users\Administrator\.m2\repository\com\fasterxml\jackson\core\jackson-annotations\2.8.0\jackson-annotations-2.8.0.jar;C:\Users\Administrator\.m2\repository\com\fasterxml\jackson\core\jackson-core\2.8.9\jackson-core-2.8.9.jar;C:\Users\Administrator\.m2\repository\org\springframework\boot\spring-boot-devtools\1.5.6.RELEASE\spring-boot-devtools-1.5.6.RELEASE.jar;C:\Users\Administrator\.m2\repository\org\springframework\boot\spring-boot\1.5.6.RELEASE\spring-boot-1.5.6.RELEASE.jar;C:\Users\Administrator\.m2\repository\org\springframework\spring-context\4.3.10.RELEASE\spring-context-4.3.10.RELEASE.jar;C:\Users\Administrator\.m2\repository\org\springframework\boot\spring-boot-autoconfigure\1.5.6.RELEASE\spring-boot-autoconfigure-1.5.6.RELEASE.jar;C:\Users\Administrator\.m2\repository\org\springframework\boot\spring-boot-starter-thymeleaf\1.5.6.RELEASE\spring-boot-starter-thymeleaf-1.5.6.RELEASE.jar;C:\Users\Administrator\.m2\repository\org\thymeleaf\thymeleaf-spring4\2.1.5.RELEASE\thymeleaf-spring4-2.1.5.RELEASE.jar;C:\Users\Administrator\.m2\repository\org\thymeleaf\thymeleaf\2.1.5.RELEASE\thymeleaf-2.1.5.RELEASE.jar;C:\Users\Administrator\.m2\repository\ognl\ognl\3.0.8\ognl-3.0.8.jar;C:\Users\Administrator\.m2\repository\org\unbescape\unbescape\1.1.0.RELEASE\unbescape-1.1.0.RELEASE.jar;C:\Users\Administrator\.m2\repository\nz\net\ultraq\thymeleaf\thymeleaf-layout-dialect\1.4.0\thymeleaf-layout-dialect-1.4.0.jar;C:\Users\Administrator\.m2\repository\org\codehaus\groovy\groovy\2.4.12\groovy-2.4.12.jar;C:\Users\Administrator\.m2\repository\org\apache\commons\commons-lang3\3.6\commons-lang3-3.6.jar;C:\Users\Administrator\.m2\repository\org\springframework\boot\spring-boot-starter\1.5.6.RELEASE\spring-boot-starter-1.5.6.RELEASE.jar;C:\Users\Administrator\.m2\repository\org\springframework\spring-core\4.3.10.RELEASE\spring-core-4.3.10.RELEASE.jar;C:\Users\Administrator\.m2\repository\org\yaml\snakeyaml\1.17\snakeyaml-1.17.jar;C:\Users\Administrator\.m2\repository\org\springframework\boot\spring-boot-starter-log4j\1.3.6.RELEASE\spring-boot-starter-log4j-1.3.6.RELEASE.jar;C:\Users\Administrator\.m2\repository\org\slf4j\jcl-over-slf4j\1.7.25\jcl-over-slf4j-1.7.25.jar;C:\Users\Administrator\.m2\repository\org\slf4j\jul-to-slf4j\1.7.25\jul-to-slf4j-1.7.25.jar;C:\Users\Administrator\.m2\repository\org\slf4j\slf4j-log4j12\1.7.25\slf4j-log4j12-1.7.25.jar;C:\Users\Administrator\.m2\repository\log4j\log4j\1.2.17\log4j-1.2.17.jar;C:\Users\Administrator\.m2\repository\com\alibaba\druid\1.0.24\druid-1.0.24.jar;D:\Java\Java1.8\JDK1.8\lib\tools.jar;C:\Users\Administrator\.m2\repository\org\springframework\boot\spring-boot-starter-actuator\1.5.6.RELEASE\spring-boot-starter-actuator-1.5.6.RELEASE.jar;C:\Users\Administrator\.m2\repository\org\springframework\boot\spring-boot-actuator\1.5.6.RELEASE\spring-boot-actuator-1.5.6.RELEASE.jar;C:\Users\Administrator\.m2\repository\org\springframework\boot\spring-boot-starter-aop\1.5.6.RELEASE\spring-boot-starter-aop-1.5.6.RELEASE.jar;C:\Users\Administrator\.m2\repository\org\springframework\spring-aop\4.3.10.RELEASE\spring-aop-4.3.10.RELEASE.jar;C:\Users\Administrator\.m2\repository\org\springframework\spring-beans\4.3.10.RELEASE\spring-beans-4.3.10.RELEASE.jar;C:\Users\Administrator\.m2\repository\org\aspectj\aspectjweaver\1.8.10\aspectjweaver-1.8.10.jar;C:\Users\Administrator\.m2\repository\org\springframework\cloud\spring-cloud-starter-feign\1.3.2.RELEASE\spring-cloud-starter-feign-1.3.2.RELEASE.jar;C:\Users\Administrator\.m2\repository\org\springframework\cloud\spring-cloud-starter\1.2.3.RELEASE\spring-cloud-starter-1.2.3.RELEASE.jar;C:\Users\Administrator\.m2\repository\org\springframework\cloud\spring-cloud-context\1.2.3.RELEASE\spring-cloud-context-1.2.3.RELEASE.jar;C:\Users\Administrator\.m2\repository\org\springframework\security\spring-security-rsa\1.0.3.RELEASE\spring-security-rsa-1.0.3.RELEASE.jar;C:\Users\Administrator\.m2\repository\org\bouncycastle\bcpkix-jdk15on\1.55\bcpkix-jdk15on-1.55.jar;C:\Users\Administrator\.m2\repository\org\bouncycastle\bcprov-jdk15on\1.55\bcprov-jdk15on-1.55.jar;C:\Users\Administrator\.m2\repository\org\springframework\cloud\spring-cloud-netflix-core\1.3.2.RELEASE\spring-cloud-netflix-core-1.3.2.RELEASE.jar;C:\Users\Administrator\.m2\repository\org\springframework\spring-web\4.3.10.RELEASE\spring-web-4.3.10.RELEASE.jar;C:\Users\Administrator\.m2\repository\org\springframework\cloud\spring-cloud-commons\1.2.3.RELEASE\spring-cloud-commons-1.2.3.RELEASE.jar;C:\Users\Administrator\.m2\repository\org\springframework\security\spring-security-crypto\4.2.3.RELEASE\spring-security-crypto-4.2.3.RELEASE.jar;C:\Users\Administrator\.m2\repository\io\github\openfeign\feign-core\9.5.0\feign-core-9.5.0.jar;C:\Users\Administrator\.m2\repository\org\jvnet\animal-sniffer-annotation\1.0\animal-sniffer-annotation-1.0.jar;C:\Users\Administrator\.m2\repository\io\github\openfeign\feign-slf4j\9.5.0\feign-slf4j-9.5.0.jar;C:\Users\Administrator\.m2\repository\io\github\openfeign\feign-hystrix\9.5.0\feign-hystrix-9.5.0.jar;C:\Users\Administrator\.m2\repository\com\netflix\archaius\archaius-core\0.7.4\archaius-core-0.7.4.jar;C:\Users\Administrator\.m2\repository\com\google\code\findbugs\jsr305\3.0.1\jsr305-3.0.1.jar;C:\Users\Administrator\.m2\repository\com\netflix\hystrix\hystrix-core\1.5.12\hystrix-core-1.5.12.jar;C:\Users\Administrator\.m2\repository\org\hdrhistogram\HdrHistogram\2.1.9\HdrHistogram-2.1.9.jar;C:\Users\Administrator\.m2\repository\org\springframework\cloud\spring-cloud-starter-ribbon\1.3.2.RELEASE\spring-cloud-starter-ribbon-1.3.2.RELEASE.jar;C:\Users\Administrator\.m2\repository\com\netflix\ribbon\ribbon\2.2.2\ribbon-2.2.2.jar;C:\Users\Administrator\.m2\repository\com\netflix\ribbon\ribbon-transport\2.2.2\ribbon-transport-2.2.2.jar;C:\Users\Administrator\.m2\repository\io\reactivex\rxnetty-contexts\0.4.9\rxnetty-contexts-0.4.9.jar;C:\Users\Administrator\.m2\repository\io\reactivex\rxnetty-servo\0.4.9\rxnetty-servo-0.4.9.jar;C:\Users\Administrator\.m2\repository\javax\inject\javax.inject\1\javax.inject-1.jar;C:\Users\Administrator\.m2\repository\io\reactivex\rxnetty\0.4.9\rxnetty-0.4.9.jar;C:\Users\Administrator\.m2\repository\io\netty\netty-codec-http\4.0.27.Final\netty-codec-http-4.0.27.Final.jar;C:\Users\Administrator\.m2\repository\io\netty\netty-codec\4.0.27.Final\netty-codec-4.0.27.Final.jar;C:\Users\Administrator\.m2\repository\io\netty\netty-handler\4.0.27.Final\netty-handler-4.0.27.Final.jar;C:\Users\Administrator\.m2\repository\io\netty\netty-transport-native-epoll\4.0.27.Final\netty-transport-native-epoll-4.0.27.Final.jar;C:\Users\Administrator\.m2\repository\io\netty\netty-common\4.0.27.Final\netty-common-4.0.27.Final.jar;C:\Users\Administrator\.m2\repository\io\netty\netty-buffer\4.0.27.Final\netty-buffer-4.0.27.Final.jar;C:\Users\Administrator\.m2\repository\io\netty\netty-transport\4.0.27.Final\netty-transport-4.0.27.Final.jar;C:\Users\Administrator\.m2\repository\com\netflix\ribbon\ribbon-core\2.2.2\ribbon-core-2.2.2.jar;C:\Users\Administrator\.m2\repository\commons-lang\commons-lang\2.6\commons-lang-2.6.jar;C:\Users\Administrator\.m2\repository\com\netflix\ribbon\ribbon-httpclient\2.2.2\ribbon-httpclient-2.2.2.jar;C:\Users\Administrator\.m2\repository\org\apache\httpcomponents\httpclient\4.5.3\httpclient-4.5.3.jar;C:\Users\Administrator\.m2\repository\org\apache\httpcomponents\httpcore\4.4.6\httpcore-4.4.6.jar;C:\Users\Administrator\.m2\repository\commons-codec\commons-codec\1.10\commons-codec-1.10.jar;C:\Users\Administrator\.m2\repository\com\sun\jersey\jersey-client\1.19.1\jersey-client-1.19.1.jar;C:\Users\Administrator\.m2\repository\com\sun\jersey\jersey-core\1.19.1\jersey-core-1.19.1.jar;C:\Users\Administrator\.m2\repository\javax\ws\rs\jsr311-api\1.1.1\jsr311-api-1.1.1.jar;C:\Users\Administrator\.m2\repository\com\sun\jersey\contribs\jersey-apache-client4\1.19.1\jersey-apache-client4-1.19.1.jar;C:\Users\Administrator\.m2\repository\com\netflix\servo\servo-core\0.10.1\servo-core-0.10.1.jar;C:\Users\Administrator\.m2\repository\com\netflix\servo\servo-internal\0.10.1\servo-internal-0.10.1.jar;C:\Users\Administrator\.m2\repository\com\netflix\netflix-commons\netflix-commons-util\0.1.1\netflix-commons-util-0.1.1.jar;C:\Users\Administrator\.m2\repository\com\netflix\ribbon\ribbon-loadbalancer\2.2.2\ribbon-loadbalancer-2.2.2.jar;C:\Users\Administrator\.m2\repository\com\netflix\netflix-commons\netflix-statistics\0.1.1\netflix-statistics-0.1.1.jar;C:\Users\Administrator\.m2\repository\io\reactivex\rxjava\1.1.10\rxjava-1.1.10.jar;C:\Users\Administrator\.m2\repository\org\springframework\cloud\spring-cloud-starter-archaius\1.3.2.RELEASE\spring-cloud-starter-archaius-1.3.2.RELEASE.jar;C:\Users\Administrator\.m2\repository\commons-configuration\commons-configuration\1.8\commons-configuration-1.8.jar;C:\Users\Administrator\.m2\repository\org\springframework\boot\spring-boot-starter-data-jpa\1.5.6.RELEASE\spring-boot-starter-data-jpa-1.5.6.RELEASE.jar;C:\Users\Administrator\.m2\repository\org\hibernate\hibernate-core\5.0.12.Final\hibernate-core-5.0.12.Final.jar;C:\Users\Administrator\.m2\repository\org\jboss\logging\jboss-logging\3.3.1.Final\jboss-logging-3.3.1.Final.jar;C:\Users\Administrator\.m2\repository\org\hibernate\javax\persistence\hibernate-jpa-2.1-api\1.0.0.Final\hibernate-jpa-2.1-api-1.0.0.Final.jar;C:\Users\Administrator\.m2\repository\org\javassist\javassist\3.21.0-GA\javassist-3.21.0-GA.jar;C:\Users\Administrator\.m2\repository\antlr\antlr\2.7.7\antlr-2.7.7.jar;C:\Users\Administrator\.m2\repository\org\jboss\jandex\2.0.0.Final\jandex-2.0.0.Final.jar;C:\Users\Administrator\.m2\repository\dom4j\dom4j\1.6.1\dom4j-1.6.1.jar;C:\Users\Administrator\.m2\repository\org\hibernate\common\hibernate-commons-annotations\5.0.1.Final\hibernate-commons-annotations-5.0.1.Final.jar;C:\Users\Administrator\.m2\repository\org\hibernate\hibernate-entitymanager\5.0.12.Final\hibernate-entitymanager-5.0.12.Final.jar;C:\Users\Administrator\.m2\repository\javax\transaction\javax.transaction-api\1.2\javax.transaction-api-1.2.jar;C:\Users\Administrator\.m2\repository\org\springframework\data\spring-data-jpa\1.11.6.RELEASE\spring-data-jpa-1.11.6.RELEASE.jar;C:\Users\Administrator\.m2\repository\org\springframework\data\spring-data-commons\1.13.6.RELEASE\spring-data-commons-1.13.6.RELEASE.jar;C:\Users\Administrator\.m2\repository\org\springframework\spring-orm\4.3.10.RELEASE\spring-orm-4.3.10.RELEASE.jar;C:\Users\Administrator\.m2\repository\org\springframework\spring-tx\4.3.10.RELEASE\spring-tx-4.3.10.RELEASE.jar;C:\Users\Administrator\.m2\repository\org\springframework\spring-aspects\4.3.10.RELEASE\spring-aspects-4.3.10.RELEASE.jar;C:\Users\Administrator\.m2\repository\org\springframework\boot\spring-boot-starter-data-redis\1.5.6.RELEASE\spring-boot-starter-data-redis-1.5.6.RELEASE.jar;C:\Users\Administrator\.m2\repository\org\springframework\data\spring-data-redis\1.8.6.RELEASE\spring-data-redis-1.8.6.RELEASE.jar;C:\Users\Administrator\.m2\repository\org\springframework\data\spring-data-keyvalue\1.2.6.RELEASE\spring-data-keyvalue-1.2.6.RELEASE.jar;C:\Users\Administrator\.m2\repository\org\springframework\spring-oxm\4.3.10.RELEASE\spring-oxm-4.3.10.RELEASE.jar;C:\Users\Administrator\.m2\repository\org\springframework\spring-context-support\4.3.10.RELEASE\spring-context-support-4.3.10.RELEASE.jar;C:\Users\Administrator\.m2\repository\redis\clients\jedis\2.9.0\jedis-2.9.0.jar;C:\Users\Administrator\.m2\repository\org\apache\commons\commons-pool2\2.4.2\commons-pool2-2.4.2.jar;C:\Users\Administrator\.m2\repository\org\springframework\boot\spring-boot-starter-jdbc\1.5.6.RELEASE\spring-boot-starter-jdbc-1.5.6.RELEASE.jar;C:\Users\Administrator\.m2\repository\org\apache\tomcat\tomcat-jdbc\8.5.16\tomcat-jdbc-8.5.16.jar;C:\Users\Administrator\.m2\repository\org\apache\tomcat\tomcat-juli\8.5.16\tomcat-juli-8.5.16.jar;C:\Users\Administrator\.m2\repository\org\springframework\spring-jdbc\4.3.10.RELEASE\spring-jdbc-4.3.10.RELEASE.jar;C:\Users\Administrator\.m2\repository\org\mybatis\spring\boot\mybatis-spring-boot-starter\1.3.0\mybatis-spring-boot-starter-1.3.0.jar;C:\Users\Administrator\.m2\repository\org\mybatis\spring\boot\mybatis-spring-boot-autoconfigure\1.3.0\mybatis-spring-boot-autoconfigure-1.3.0.jar;C:\Users\Administrator\.m2\repository\org\mybatis\mybatis\3.4.4\mybatis-3.4.4.jar;C:\Users\Administrator\.m2\repository\org\mybatis\mybatis-spring\1.3.1\mybatis-spring-1.3.1.jar;C:\Users\Administrator\.m2\repository\org\springframework\boot\spring-boot-starter-web\1.5.6.RELEASE\spring-boot-starter-web-1.5.6.RELEASE.jar;C:\Users\Administrator\.m2\repository\org\springframework\boot\spring-boot-starter-tomcat\1.5.6.RELEASE\spring-boot-starter-tomcat-1.5.6.RELEASE.jar;C:\Users\Administrator\.m2\repository\org\apache\tomcat\embed\tomcat-embed-core\8.5.16\tomcat-embed-core-8.5.16.jar;C:\Users\Administrator\.m2\repository\org\apache\tomcat\embed\tomcat-embed-el\8.5.16\tomcat-embed-el-8.5.16.jar;C:\Users\Administrator\.m2\repository\org\apache\tomcat\embed\tomcat-embed-websocket\8.5.16\tomcat-embed-websocket-8.5.16.jar;C:\Users\Administrator\.m2\repository\org\hibernate\hibernate-validator\5.3.5.Final\hibernate-validator-5.3.5.Final.jar;C:\Users\Administrator\.m2\repository\javax\validation\validation-api\1.1.0.Final\validation-api-1.1.0.Final.jar;C:\Users\Administrator\.m2\repository\org\springframework\spring-webmvc\4.3.10.RELEASE\spring-webmvc-4.3.10.RELEASE.jar;C:\Users\Administrator\.m2\repository\org\springframework\spring-expression\4.3.10.RELEASE\spring-expression-4.3.10.RELEASE.jar;C:\Users\Administrator\.m2\repository\org\springframework\boot\spring-boot-starter-websocket\1.5.6.RELEASE\spring-boot-starter-websocket-1.5.6.RELEASE.jar;C:\Users\Administrator\.m2\repository\org\springframework\spring-messaging\4.3.10.RELEASE\spring-messaging-4.3.10.RELEASE.jar;C:\Users\Administrator\.m2\repository\org\springframework\spring-websocket\4.3.10.RELEASE\spring-websocket-4.3.10.RELEASE.jar;C:\Users\Administrator\.m2\repository\mysql\mysql-connector-java\5.1.43\mysql-connector-java-5.1.43.jar;C:\Users\Administrator\.m2\repository\com\github\pagehelper\pagehelper\4.1.1\pagehelper-4.1.1.jar;C:\Users\Administrator\.m2\repository\com\github\jsqlparser\jsqlparser\0.9.4\jsqlparser-0.9.4.jar;C:\Users\Administrator\.m2\repository\com\alibaba\fastjson\1.2.22\fastjson-1.2.22.jar;C:\Users\Administrator\.m2\repository\io\springfox\springfox-swagger2\2.6.1\springfox-swagger2-2.6.1.jar;C:\Users\Administrator\.m2\repository\io\swagger\swagger-annotations\1.5.10\swagger-annotations-1.5.10.jar;C:\Users\Administrator\.m2\repository\io\swagger\swagger-models\1.5.10\swagger-models-1.5.10.jar;C:\Users\Administrator\.m2\repository\io\springfox\springfox-spi\2.6.1\springfox-spi-2.6.1.jar;C:\Users\Administrator\.m2\repository\io\springfox\springfox-core\2.6.1\springfox-core-2.6.1.jar;C:\Users\Administrator\.m2\repository\io\springfox\springfox-schema\2.6.1\springfox-schema-2.6.1.jar;C:\Users\Administrator\.m2\repository\io\springfox\springfox-swagger-common\2.6.1\springfox-swagger-common-2.6.1.jar;C:\Users\Administrator\.m2\repository\io\springfox\springfox-spring-web\2.6.1\springfox-spring-web-2.6.1.jar;C:\Users\Administrator\.m2\repository\com\google\guava\guava\18.0\guava-18.0.jar;C:\Users\Administrator\.m2\repository\com\fasterxml\classmate\1.3.3\classmate-1.3.3.jar;C:\Users\Administrator\.m2\repository\org\slf4j\slf4j-api\1.7.25\slf4j-api-1.7.25.jar;C:\Users\Administrator\.m2\repository\org\springframework\plugin\spring-plugin-core\1.2.0.RELEASE\spring-plugin-core-1.2.0.RELEASE.jar;C:\Users\Administrator\.m2\repository\org\springframework\plugin\spring-plugin-metadata\1.2.0.RELEASE\spring-plugin-metadata-1.2.0.RELEASE.jar;C:\Users\Administrator\.m2\repository\org\mapstruct\mapstruct\1.0.0.Final\mapstruct-1.0.0.Final.jar;C:\Users\Administrator\.m2\repository\io\springfox\springfox-swagger-ui\2.6.1\springfox-swagger-ui-2.6.1.jar;C:\Users\Administrator\.m2\repository\io\springfox\springfox-staticdocs\2.6.1\springfox-staticdocs-2.6.1.jar;C:\Users\Administrator\.m2\repository\io\github\robwin\swagger2markup\0.9.2\swagger2markup-0.9.2.jar;C:\Users\Administrator\.m2\repository\io\github\robwin\markup-document-builder\0.1.5\markup-document-builder-0.1.5.jar;C:\Users\Administrator\.m2\repository\io\swagger\swagger-compat-spec-parser\1.0.13\swagger-compat-spec-parser-1.0.13.jar;C:\Users\Administrator\.m2\repository\io\swagger\swagger-core\1.5.4\swagger-core-1.5.4.jar;C:\Users\Administrator\.m2\repository\com\fasterxml\jackson\datatype\jackson-datatype-joda\2.8.9\jackson-datatype-joda-2.8.9.jar;C:\Users\Administrator\.m2\repository\com\fasterxml\jackson\dataformat\jackson-dataformat-yaml\2.8.9\jackson-dataformat-yaml-2.8.9.jar;C:\Users\Administrator\.m2\repository\io\swagger\swagger-parser\1.0.13\swagger-parser-1.0.13.jar;C:\Users\Administrator\.m2\repository\org\slf4j\slf4j-ext\1.6.3\slf4j-ext-1.6.3.jar;C:\Users\Administrator\.m2\repository\ch\qos\cal10n\cal10n-api\0.7.4\cal10n-api-0.7.4.jar;C:\Users\Administrator\.m2\repository\com\github\fge\json-schema-validator\2.2.3\json-schema-validator-2.2.3.jar;C:\Users\Administrator\.m2\repository\joda-time\joda-time\2.9.9\joda-time-2.9.9.jar;C:\Users\Administrator\.m2\repository\com\github\fge\json-schema-core\1.2.1\json-schema-core-1.2.1.jar;C:\Users\Administrator\.m2\repository\com\github\fge\uri-template\0.9\uri-template-0.9.jar;C:\Users\Administrator\.m2\repository\org\mozilla\rhino\1.7R4\rhino-1.7R4.jar;C:\Users\Administrator\.m2\repository\com\googlecode\libphonenumber\libphonenumber\6.0\libphonenumber-6.0.jar;C:\Users\Administrator\.m2\repository\javax\mail\mailapi\1.4.3\mailapi-1.4.3.jar;C:\Users\Administrator\.m2\repository\javax\activation\activation\1.1\activation-1.1.jar;C:\Users\Administrator\.m2\repository\net\sf\jopt-simple\jopt-simple\4.6\jopt-simple-4.6.jar;C:\Users\Administrator\.m2\repository\com\github\fge\json-patch\1.6\json-patch-1.6.jar;C:\Users\Administrator\.m2\repository\com\github\fge\jackson-coreutils\1.6\jackson-coreutils-1.6.jar;C:\Users\Administrator\.m2\repository\com\github\fge\msg-simple\1.1\msg-simple-1.1.jar;C:\Users\Administrator\.m2\repository\com\github\fge\btf\1.2\btf-1.2.jar;C:\Users\Administrator\.m2\repository\commons-collections\commons-collections\3.2.2\commons-collections-3.2.2.jar;C:\Users\Administrator\.m2\repository\commons-io\commons-io\2.4\commons-io-2.4.jar, hibernate.bytecode.use_reflection_optimizer=false, java.vm.specification.name=Java Virtual Machine Specification, java.vm.specification.version=1.8, catalina.home=C:\Users\Administrator\deployer\tomcat, sun.cpu.endian=little, sun.os.patch.level=Service Pack 1, java.awt.headless=true, java.io.tmpdir=C:\Users\ADMINI~1\AppData\Local\Temp\, java.vendor.url.bug=http://bugreport.sun.com/bugreport/, javax.persistence.sharedCache.mode=UNSPECIFIED, os.arch=amd64, java.awt.graphicsenv=sun.awt.Win32GraphicsEnvironment, hibernate.physical_naming_strategy=org.springframework.boot.orm.jpa.hibernate.SpringPhysicalNamingStrategy, java.ext.dirs=D:\Java\Java1.8\JDK1.8\jre\lib\ext;C:\Windows\Sun\Java\lib\ext, user.dir=F:\ds\git\ystadmin\ystadmin, line.separator=
, java.vm.name=Java HotSpot(TM) 64-Bit Server VM, hibernate.transaction.jta.platform=org.hibernate.engine.transaction.jta.platform.internal.NoJtaPlatform@1a9b5f2f, file.encoding=GBK, java.specification.version=1.8}
2017-10-13 12:00:33 [restartedMain] DEBUG [org.hibernate.secure.spi.JaccIntegrator] - Skipping JACC integration as it was not enabled
2017-10-13 12:00:33 [restartedMain] DEBUG [org.hibernate.engine.spi.CascadeStyles] - External cascade style regsitration [persist : STYLE_PERSIST_SKIPLAZY] overrode base registration [STYLE_PERSIST_SKIPLAZY]
2017-10-13 12:00:33 [restartedMain] DEBUG [org.hibernate.internal.SessionFactoryImpl] - Instantiated session factory
2017-10-13 12:00:33 [restartedMain] DEBUG [org.hibernate.internal.NamedQueryRepository] - Checking 0 named HQL queries
2017-10-13 12:00:33 [restartedMain] DEBUG [org.hibernate.internal.NamedQueryRepository] - Checking 0 named SQL queries
2017-10-13 12:00:33 [restartedMain] DEBUG [org.hibernate.internal.SessionFactoryRegistry] - Registering SessionFactory: 25d60b65-9594-4b5d-aa1c-47fbc816feb4 (<unnamed>)
2017-10-13 12:00:33 [restartedMain] DEBUG [org.hibernate.internal.SessionFactoryRegistry] - Not binding SessionFactory to JNDI, no JNDI name configured
2017-10-13 12:00:33 [restartedMain] DEBUG [org.hibernate.jpa.internal.schemagen.JpaSchemaGenerator] - No actions specified; doing nothing
2017-10-13 12:00:33 [restartedMain] DEBUG [org.hibernate.jpa.internal.EntityManagerFactoryRegistry] - Registering EntityManagerFactory: default 
2017-10-13 12:00:33 [restartedMain] DEBUG [org.mybatis.spring.SqlSessionFactoryBean] - Property 'configuration' or 'configLocation' not specified, using default MyBatis Configuration
2017-10-13 12:00:33 [restartedMain] DEBUG [org.mybatis.spring.SqlSessionFactoryBean] - Registered plugin: 'com.github.pagehelper.PageHelper@560f9a9d'
2017-10-13 12:00:33 [restartedMain] DEBUG [org.mybatis.spring.SqlSessionFactoryBean] - Parsed mapper file: 'file [F:\ds\git\ystadmin\ystadmin\target\classes\mapper\basemapper\admin\AreaEntityMapper.xml]'
2017-10-13 12:00:33 [restartedMain] DEBUG [org.mybatis.spring.SqlSessionFactoryBean] - Parsed mapper file: 'file [F:\ds\git\ystadmin\ystadmin\target\classes\mapper\basemapper\admin\ConfigurationEntityMapper.xml]'
2017-10-13 12:00:33 [restartedMain] DEBUG [org.mybatis.spring.SqlSessionFactoryBean] - Parsed mapper file: 'file [F:\ds\git\ystadmin\ystadmin\target\classes\mapper\basemapper\admin\DepartmentEntityMapper.xml]'
2017-10-13 12:00:33 [restartedMain] DEBUG [org.mybatis.spring.SqlSessionFactoryBean] - Parsed mapper file: 'file [F:\ds\git\ystadmin\ystadmin\target\classes\mapper\basemapper\admin\EmployeeEntityMapper.xml]'
2017-10-13 12:00:33 [restartedMain] DEBUG [org.mybatis.spring.SqlSessionFactoryBean] - Parsed mapper file: 'file [F:\ds\git\ystadmin\ystadmin\target\classes\mapper\basemapper\admin\FuncEntityMapper.xml]'
2017-10-13 12:00:33 [restartedMain] DEBUG [org.mybatis.spring.SqlSessionFactoryBean] - Parsed mapper file: 'file [F:\ds\git\ystadmin\ystadmin\target\classes\mapper\basemapper\admin\MenuEntityMapper.xml]'
2017-10-13 12:00:33 [restartedMain] DEBUG [org.mybatis.spring.SqlSessionFactoryBean] - Parsed mapper file: 'file [F:\ds\git\ystadmin\ystadmin\target\classes\mapper\basemapper\admin\OrganizationEntityMapper.xml]'
2017-10-13 12:00:33 [restartedMain] DEBUG [org.mybatis.spring.SqlSessionFactoryBean] - Parsed mapper file: 'file [F:\ds\git\ystadmin\ystadmin\target\classes\mapper\basemapper\admin\PointhistoryEntityMapper.xml]'
2017-10-13 12:00:33 [restartedMain] DEBUG [org.mybatis.spring.SqlSessionFactoryBean] - Parsed mapper file: 'file [F:\ds\git\ystadmin\ystadmin\target\classes\mapper\basemapper\admin\PointuserEntityMapper.xml]'
2017-10-13 12:00:33 [restartedMain] DEBUG [org.mybatis.spring.SqlSessionFactoryBean] - Parsed mapper file: 'file [F:\ds\git\ystadmin\ystadmin\target\classes\mapper\basemapper\admin\RoleEntityMapper.xml]'
2017-10-13 12:00:33 [restartedMain] DEBUG [org.mybatis.spring.SqlSessionFactoryBean] - Parsed mapper file: 'file [F:\ds\git\ystadmin\ystadmin\target\classes\mapper\basemapper\admin\RoleprivilegeEntityMapper.xml]'
2017-10-13 12:00:33 [restartedMain] DEBUG [org.mybatis.spring.SqlSessionFactoryBean] - Parsed mapper file: 'file [F:\ds\git\ystadmin\ystadmin\target\classes\mapper\basemapper\admin\SubsystemEntityMapper.xml]'
2017-10-13 12:00:33 [restartedMain] DEBUG [org.mybatis.spring.SqlSessionFactoryBean] - Parsed mapper file: 'file [F:\ds\git\ystadmin\ystadmin\target\classes\mapper\basemapper\admin\SystemlogEntityMapper.xml]'
2017-10-13 12:00:33 [restartedMain] DEBUG [org.mybatis.spring.SqlSessionFactoryBean] - Parsed mapper file: 'file [F:\ds\git\ystadmin\ystadmin\target\classes\mapper\basemapper\admin\UserEntityMapper.xml]'
2017-10-13 12:00:33 [restartedMain] DEBUG [org.mybatis.spring.SqlSessionFactoryBean] - Parsed mapper file: 'file [F:\ds\git\ystadmin\ystadmin\target\classes\mapper\basemapper\admin\UserroleEntityMapper.xml]'
2017-10-13 12:00:34 [restartedMain] DEBUG [org.mybatis.spring.boot.autoconfigure.MybatisAutoConfiguration] - No org.mybatis.spring.mapper.MapperFactoryBean found.
2017-10-13 12:00:34 [restartedMain] INFO  [com.gdyunst.ystadmin.YstadminApplication] - Started YstadminApplication in 3.643 seconds (JVM running for 3090115.597)
