2017-08-23 11:06:37 [main] DEBUG [org.jboss.logging] - Logging Provider: org.jboss.logging.Log4jLoggerProvider
2017-08-23 11:06:38 [main] INFO  [com.gdyunst.ystadmin.prepare.BaseMapperManager] - The following profiles are active: dev
2017-08-23 11:06:39 [main] DEBUG [org.mybatis.spring.boot.autoconfigure.MybatisAutoConfiguration] - Searching for mappers annotated with @Mapper
2017-08-23 11:06:39 [main] DEBUG [org.mybatis.spring.boot.autoconfigure.MybatisAutoConfiguration] - Using auto-configuration base package 'com.gdyunst.ystadmin'
2017-08-23 11:06:39 [main] WARN  [org.mybatis.spring.mapper.ClassPathMapperScanner] - No MyBatis mapper was found in '[com.gdyunst.ystadmin]' package. Please check your configuration.
2017-08-23 11:07:23 [main] DEBUG [org.hibernate.jpa.internal.util.LogHelper] - PersistenceUnitInfo [
	name: default
	persistence provider classname: null
	classloader: sun.misc.Launcher$AppClassLoader@4b85612c
	excludeUnlistedClasses: true
	JTA datasource: null
	Non JTA datasource: org.apache.tomcat.jdbc.pool.DataSource@463561c5{ConnectionPool[defaultAutoCommit=null; defaultReadOnly=null; defaultTransactionIsolation=-1; defaultCatalog=null; driverClassName=com.mysql.jdbc.Driver; maxActive=100; maxIdle=100; minIdle=10; initialSize=10; maxWait=30000; testOnBorrow=true; testOnReturn=false; timeBetweenEvictionRunsMillis=5000; numTestsPerEvictionRun=0; minEvictableIdleTimeMillis=60000; testWhileIdle=false; testOnConnect=false; password=********; url=jdbc:mysql://192.168.1.115:3306/yst_jqzy?useUnicode=true&amp;characterEncoding=UTF-8; username=test; validationQuery=SELECT 1; validationQueryTimeout=-1; validatorClassName=null; validationInterval=3000; accessToUnderlyingConnectionAllowed=true; removeAbandoned=false; removeAbandonedTimeout=60; logAbandoned=false; connectionProperties=null; initSQL=null; jdbcInterceptors=null; jmxEnabled=true; fairQueue=true; useEquals=true; abandonWhenPercentageFull=0; maxAge=0; useLock=false; dataSource=null; dataSourceJNDI=null; suspectTimeout=0; alternateUsernameAllowed=false; commitOnReturn=false; rollbackOnReturn=false; useDisposableConnectionFacade=true; logValidationErrors=false; propagateInterruptState=false; ignoreExceptionOnPreLoad=false; useStatementFacade=true; }
	Transaction type: RESOURCE_LOCAL
	PU root URL: file:/D:/work/workspace/versionOne/ystadmin/target/test-classes/
	Shared Cache Mode: UNSPECIFIED
	Validation Mode: AUTO
	Jar files URLs []
	Managed classes names []
	Mapping files names []
	Properties []
2017-08-23 11:07:23 [main] DEBUG [org.hibernate.integrator.internal.IntegratorServiceImpl] - Adding Integrator [org.hibernate.cfg.beanvalidation.BeanValidationIntegrator].
2017-08-23 11:07:23 [main] DEBUG [org.hibernate.integrator.internal.IntegratorServiceImpl] - Adding Integrator [org.hibernate.secure.spi.JaccIntegrator].
2017-08-23 11:07:23 [main] DEBUG [org.hibernate.integrator.internal.IntegratorServiceImpl] - Adding Integrator [org.hibernate.cache.internal.CollectionCacheInvalidator].
2017-08-23 11:07:23 [main] DEBUG [org.hibernate.integrator.internal.IntegratorServiceImpl] - Adding Integrator [org.hibernate.jpa.event.spi.JpaIntegrator].
2017-08-23 11:07:23 [main] INFO  [org.hibernate.Version] - HHH000412: Hibernate Core {5.0.12.Final}
2017-08-23 11:07:23 [main] INFO  [org.hibernate.cfg.Environment] - HHH000206: hibernate.properties not found
2017-08-23 11:07:23 [main] INFO  [org.hibernate.cfg.Environment] - HHH000021: Bytecode provider name : javassist
2017-08-23 11:07:23 [main] DEBUG [org.hibernate.service.spi.ServiceBinding] - Overriding existing service binding [org.hibernate.secure.spi.JaccService]
2017-08-23 11:07:23 [main] DEBUG [org.hibernate.cache.internal.RegionFactoryInitiator] - Cache region factory : org.hibernate.cache.internal.NoCachingRegionFactory
2017-08-23 11:07:23 [main] INFO  [org.hibernate.annotations.common.Version] - HCANN000001: Hibernate Commons Annotations {5.0.1.Final}
2017-08-23 11:07:23 [main] DEBUG [org.hibernate.type.BasicTypeRegistry] - Adding type registration boolean -> org.hibernate.type.BooleanType@1e3df614
2017-08-23 11:07:23 [main] DEBUG [org.hibernate.type.BasicTypeRegistry] - Adding type registration boolean -> org.hibernate.type.BooleanType@1e3df614
2017-08-23 11:07:23 [main] DEBUG [org.hibernate.type.BasicTypeRegistry] - Adding type registration java.lang.Boolean -> org.hibernate.type.BooleanType@1e3df614
2017-08-23 11:07:23 [main] DEBUG [org.hibernate.type.BasicTypeRegistry] - Adding type registration numeric_boolean -> org.hibernate.type.NumericBooleanType@4451f60c
2017-08-23 11:07:23 [main] DEBUG [org.hibernate.type.BasicTypeRegistry] - Adding type registration true_false -> org.hibernate.type.TrueFalseType@4e3f2908
2017-08-23 11:07:23 [main] DEBUG [org.hibernate.type.BasicTypeRegistry] - Adding type registration yes_no -> org.hibernate.type.YesNoType@45843650
2017-08-23 11:07:23 [main] DEBUG [org.hibernate.type.BasicTypeRegistry] - Adding type registration byte -> org.hibernate.type.ByteType@373052b5
2017-08-23 11:07:23 [main] DEBUG [org.hibernate.type.BasicTypeRegistry] - Adding type registration byte -> org.hibernate.type.ByteType@373052b5
2017-08-23 11:07:23 [main] DEBUG [org.hibernate.type.BasicTypeRegistry] - Adding type registration java.lang.Byte -> org.hibernate.type.ByteType@373052b5
2017-08-23 11:07:23 [main] DEBUG [org.hibernate.type.BasicTypeRegistry] - Adding type registration character -> org.hibernate.type.CharacterType@3a8cea24
2017-08-23 11:07:23 [main] DEBUG [org.hibernate.type.BasicTypeRegistry] - Adding type registration char -> org.hibernate.type.CharacterType@3a8cea24
2017-08-23 11:07:23 [main] DEBUG [org.hibernate.type.BasicTypeRegistry] - Adding type registration java.lang.Character -> org.hibernate.type.CharacterType@3a8cea24
2017-08-23 11:07:23 [main] DEBUG [org.hibernate.type.BasicTypeRegistry] - Adding type registration short -> org.hibernate.type.ShortType@4342c13
2017-08-23 11:07:23 [main] DEBUG [org.hibernate.type.BasicTypeRegistry] - Adding type registration short -> org.hibernate.type.ShortType@4342c13
2017-08-23 11:07:23 [main] DEBUG [org.hibernate.type.BasicTypeRegistry] - Adding type registration java.lang.Short -> org.hibernate.type.ShortType@4342c13
2017-08-23 11:07:23 [main] DEBUG [org.hibernate.type.BasicTypeRegistry] - Adding type registration integer -> org.hibernate.type.IntegerType@5f0bab7e
2017-08-23 11:07:23 [main] DEBUG [org.hibernate.type.BasicTypeRegistry] - Adding type registration int -> org.hibernate.type.IntegerType@5f0bab7e
2017-08-23 11:07:23 [main] DEBUG [org.hibernate.type.BasicTypeRegistry] - Adding type registration java.lang.Integer -> org.hibernate.type.IntegerType@5f0bab7e
2017-08-23 11:07:23 [main] DEBUG [org.hibernate.type.BasicTypeRegistry] - Adding type registration long -> org.hibernate.type.LongType@5190010f
2017-08-23 11:07:23 [main] DEBUG [org.hibernate.type.BasicTypeRegistry] - Adding type registration long -> org.hibernate.type.LongType@5190010f
2017-08-23 11:07:23 [main] DEBUG [org.hibernate.type.BasicTypeRegistry] - Adding type registration java.lang.Long -> org.hibernate.type.LongType@5190010f
2017-08-23 11:07:23 [main] DEBUG [org.hibernate.type.BasicTypeRegistry] - Adding type registration float -> org.hibernate.type.FloatType@575cabf0
2017-08-23 11:07:23 [main] DEBUG [org.hibernate.type.BasicTypeRegistry] - Adding type registration float -> org.hibernate.type.FloatType@575cabf0
2017-08-23 11:07:23 [main] DEBUG [org.hibernate.type.BasicTypeRegistry] - Adding type registration java.lang.Float -> org.hibernate.type.FloatType@575cabf0
2017-08-23 11:07:23 [main] DEBUG [org.hibernate.type.BasicTypeRegistry] - Adding type registration double -> org.hibernate.type.DoubleType@6f9e08d4
2017-08-23 11:07:23 [main] DEBUG [org.hibernate.type.BasicTypeRegistry] - Adding type registration double -> org.hibernate.type.DoubleType@6f9e08d4
2017-08-23 11:07:23 [main] DEBUG [org.hibernate.type.BasicTypeRegistry] - Adding type registration java.lang.Double -> org.hibernate.type.DoubleType@6f9e08d4
2017-08-23 11:07:23 [main] DEBUG [org.hibernate.type.BasicTypeRegistry] - Adding type registration big_decimal -> org.hibernate.type.BigDecimalType@7d4d8579
2017-08-23 11:07:23 [main] DEBUG [org.hibernate.type.BasicTypeRegistry] - Adding type registration java.math.BigDecimal -> org.hibernate.type.BigDecimalType@7d4d8579
2017-08-23 11:07:23 [main] DEBUG [org.hibernate.type.BasicTypeRegistry] - Adding type registration big_integer -> org.hibernate.type.BigIntegerType@3b24087d
2017-08-23 11:07:23 [main] DEBUG [org.hibernate.type.BasicTypeRegistry] - Adding type registration java.math.BigInteger -> org.hibernate.type.BigIntegerType@3b24087d
2017-08-23 11:07:23 [main] DEBUG [org.hibernate.type.BasicTypeRegistry] - Adding type registration string -> org.hibernate.type.StringType@4351ed61
2017-08-23 11:07:23 [main] DEBUG [org.hibernate.type.BasicTypeRegistry] - Adding type registration java.lang.String -> org.hibernate.type.StringType@4351ed61
2017-08-23 11:07:23 [main] DEBUG [org.hibernate.type.BasicTypeRegistry] - Adding type registration nstring -> org.hibernate.type.StringNVarcharType@348137e8
2017-08-23 11:07:23 [main] DEBUG [org.hibernate.type.BasicTypeRegistry] - Adding type registration ncharacter -> org.hibernate.type.CharacterNCharType@2574a9e3
2017-08-23 11:07:23 [main] DEBUG [org.hibernate.type.BasicTypeRegistry] - Adding type registration url -> org.hibernate.type.UrlType@11d86b9d
2017-08-23 11:07:23 [main] DEBUG [org.hibernate.type.BasicTypeRegistry] - Adding type registration java.net.URL -> org.hibernate.type.UrlType@11d86b9d
2017-08-23 11:07:23 [main] DEBUG [org.hibernate.type.BasicTypeRegistry] - Adding type registration date -> org.hibernate.type.DateType@3ad8717d
2017-08-23 11:07:23 [main] DEBUG [org.hibernate.type.BasicTypeRegistry] - Adding type registration java.sql.Date -> org.hibernate.type.DateType@3ad8717d
2017-08-23 11:07:23 [main] DEBUG [org.hibernate.type.BasicTypeRegistry] - Adding type registration time -> org.hibernate.type.TimeType@2ac519dc
2017-08-23 11:07:23 [main] DEBUG [org.hibernate.type.BasicTypeRegistry] - Adding type registration java.sql.Time -> org.hibernate.type.TimeType@2ac519dc
2017-08-23 11:07:23 [main] DEBUG [org.hibernate.type.BasicTypeRegistry] - Adding type registration timestamp -> org.hibernate.type.TimestampType@6be6931f
2017-08-23 11:07:23 [main] DEBUG [org.hibernate.type.BasicTypeRegistry] - Adding type registration java.sql.Timestamp -> org.hibernate.type.TimestampType@6be6931f
2017-08-23 11:07:23 [main] DEBUG [org.hibernate.type.BasicTypeRegistry] - Adding type registration java.util.Date -> org.hibernate.type.TimestampType@6be6931f
2017-08-23 11:07:23 [main] DEBUG [org.hibernate.type.BasicTypeRegistry] - Adding type registration dbtimestamp -> org.hibernate.type.DbTimestampType@e7b265e
2017-08-23 11:07:23 [main] DEBUG [org.hibernate.type.BasicTypeRegistry] - Adding type registration calendar -> org.hibernate.type.CalendarType@483f286e
2017-08-23 11:07:23 [main] DEBUG [org.hibernate.type.BasicTypeRegistry] - Adding type registration java.util.Calendar -> org.hibernate.type.CalendarType@483f286e
2017-08-23 11:07:23 [main] DEBUG [org.hibernate.type.BasicTypeRegistry] - Adding type registration java.util.GregorianCalendar -> org.hibernate.type.CalendarType@483f286e
2017-08-23 11:07:23 [main] DEBUG [org.hibernate.type.BasicTypeRegistry] - Adding type registration calendar_date -> org.hibernate.type.CalendarDateType@68ef01a5
2017-08-23 11:07:23 [main] DEBUG [org.hibernate.type.BasicTypeRegistry] - Adding type registration locale -> org.hibernate.type.LocaleType@6518fdfd
2017-08-23 11:07:23 [main] DEBUG [org.hibernate.type.BasicTypeRegistry] - Adding type registration java.util.Locale -> org.hibernate.type.LocaleType@6518fdfd
2017-08-23 11:07:23 [main] DEBUG [org.hibernate.type.BasicTypeRegistry] - Adding type registration currency -> org.hibernate.type.CurrencyType@322e49ee
2017-08-23 11:07:23 [main] DEBUG [org.hibernate.type.BasicTypeRegistry] - Adding type registration java.util.Currency -> org.hibernate.type.CurrencyType@322e49ee
2017-08-23 11:07:23 [main] DEBUG [org.hibernate.type.BasicTypeRegistry] - Adding type registration timezone -> org.hibernate.type.TimeZoneType@151ab2b9
2017-08-23 11:07:23 [main] DEBUG [org.hibernate.type.BasicTypeRegistry] - Adding type registration java.util.TimeZone -> org.hibernate.type.TimeZoneType@151ab2b9
2017-08-23 11:07:23 [main] DEBUG [org.hibernate.type.BasicTypeRegistry] - Adding type registration class -> org.hibernate.type.ClassType@626d2016
2017-08-23 11:07:23 [main] DEBUG [org.hibernate.type.BasicTypeRegistry] - Adding type registration java.lang.Class -> org.hibernate.type.ClassType@626d2016
2017-08-23 11:07:23 [main] DEBUG [org.hibernate.type.BasicTypeRegistry] - Adding type registration uuid-binary -> org.hibernate.type.UUIDBinaryType@78b7f805
2017-08-23 11:07:23 [main] DEBUG [org.hibernate.type.BasicTypeRegistry] - Adding type registration java.util.UUID -> org.hibernate.type.UUIDBinaryType@78b7f805
2017-08-23 11:07:23 [main] DEBUG [org.hibernate.type.BasicTypeRegistry] - Adding type registration uuid-char -> org.hibernate.type.UUIDCharType@64763e49
2017-08-23 11:07:23 [main] DEBUG [org.hibernate.type.BasicTypeRegistry] - Adding type registration binary -> org.hibernate.type.BinaryType@3caafa67
2017-08-23 11:07:23 [main] DEBUG [org.hibernate.type.BasicTypeRegistry] - Adding type registration byte[] -> org.hibernate.type.BinaryType@3caafa67
2017-08-23 11:07:23 [main] DEBUG [org.hibernate.type.BasicTypeRegistry] - Adding type registration [B -> org.hibernate.type.BinaryType@3caafa67
2017-08-23 11:07:23 [main] DEBUG [org.hibernate.type.BasicTypeRegistry] - Adding type registration wrapper-binary -> org.hibernate.type.WrapperBinaryType@12d2ddde
2017-08-23 11:07:23 [main] DEBUG [org.hibernate.type.BasicTypeRegistry] - Adding type registration Byte[] -> org.hibernate.type.WrapperBinaryType@12d2ddde
2017-08-23 11:07:23 [main] DEBUG [org.hibernate.type.BasicTypeRegistry] - Adding type registration [Ljava.lang.Byte; -> org.hibernate.type.WrapperBinaryType@12d2ddde
2017-08-23 11:07:23 [main] DEBUG [org.hibernate.type.BasicTypeRegistry] - Adding type registration row_version -> org.hibernate.type.RowVersionType@59838256
2017-08-23 11:07:23 [main] DEBUG [org.hibernate.type.BasicTypeRegistry] - Adding type registration image -> org.hibernate.type.ImageType@52d3fafd
2017-08-23 11:07:23 [main] DEBUG [org.hibernate.type.BasicTypeRegistry] - Adding type registration characters -> org.hibernate.type.CharArrayType@718fd7c1
2017-08-23 11:07:23 [main] DEBUG [org.hibernate.type.BasicTypeRegistry] - Adding type registration char[] -> org.hibernate.type.CharArrayType@718fd7c1
2017-08-23 11:07:23 [main] DEBUG [org.hibernate.type.BasicTypeRegistry] - Adding type registration [C -> org.hibernate.type.CharArrayType@718fd7c1
2017-08-23 11:07:23 [main] DEBUG [org.hibernate.type.BasicTypeRegistry] - Adding type registration wrapper-characters -> org.hibernate.type.CharacterArrayType@3c770db4
2017-08-23 11:07:23 [main] DEBUG [org.hibernate.type.BasicTypeRegistry] - Adding type registration [Ljava.lang.Character; -> org.hibernate.type.CharacterArrayType@3c770db4
2017-08-23 11:07:23 [main] DEBUG [org.hibernate.type.BasicTypeRegistry] - Adding type registration Character[] -> org.hibernate.type.CharacterArrayType@3c770db4
2017-08-23 11:07:23 [main] DEBUG [org.hibernate.type.BasicTypeRegistry] - Adding type registration text -> org.hibernate.type.TextType@5f0a2638
2017-08-23 11:07:23 [main] DEBUG [org.hibernate.type.BasicTypeRegistry] - Adding type registration ntext -> org.hibernate.type.NTextType@6f25bf88
2017-08-23 11:07:23 [main] DEBUG [org.hibernate.type.BasicTypeRegistry] - Adding type registration blob -> org.hibernate.type.BlobType@5d7911d5
2017-08-23 11:07:23 [main] DEBUG [org.hibernate.type.BasicTypeRegistry] - Adding type registration java.sql.Blob -> org.hibernate.type.BlobType@5d7911d5
2017-08-23 11:07:23 [main] DEBUG [org.hibernate.type.BasicTypeRegistry] - Adding type registration materialized_blob -> org.hibernate.type.MaterializedBlobType@235c997d
2017-08-23 11:07:23 [main] DEBUG [org.hibernate.type.BasicTypeRegistry] - Adding type registration clob -> org.hibernate.type.ClobType@6661d8c0
2017-08-23 11:07:23 [main] DEBUG [org.hibernate.type.BasicTypeRegistry] - Adding type registration java.sql.Clob -> org.hibernate.type.ClobType@6661d8c0
2017-08-23 11:07:23 [main] DEBUG [org.hibernate.type.BasicTypeRegistry] - Adding type registration nclob -> org.hibernate.type.NClobType@4a070cf0
2017-08-23 11:07:23 [main] DEBUG [org.hibernate.type.BasicTypeRegistry] - Adding type registration java.sql.NClob -> org.hibernate.type.NClobType@4a070cf0
2017-08-23 11:07:23 [main] DEBUG [org.hibernate.type.BasicTypeRegistry] - Adding type registration materialized_clob -> org.hibernate.type.MaterializedClobType@1f782c05
2017-08-23 11:07:23 [main] DEBUG [org.hibernate.type.BasicTypeRegistry] - Adding type registration materialized_nclob -> org.hibernate.type.MaterializedNClobType@f5a7226
2017-08-23 11:07:23 [main] DEBUG [org.hibernate.type.BasicTypeRegistry] - Adding type registration serializable -> org.hibernate.type.SerializableType@100ad67e
2017-08-23 11:07:23 [main] DEBUG [org.hibernate.type.BasicTypeRegistry] - Adding type registration object -> org.hibernate.type.ObjectType@2eda4eeb
2017-08-23 11:07:23 [main] DEBUG [org.hibernate.type.BasicTypeRegistry] - Adding type registration java.lang.Object -> org.hibernate.type.ObjectType@2eda4eeb
2017-08-23 11:07:23 [main] DEBUG [org.hibernate.type.BasicTypeRegistry] - Adding type registration imm_date -> org.hibernate.type.AdaptedImmutableType@7573b9ee
2017-08-23 11:07:23 [main] DEBUG [org.hibernate.type.BasicTypeRegistry] - Adding type registration imm_time -> org.hibernate.type.AdaptedImmutableType@9a20cbd
2017-08-23 11:07:23 [main] DEBUG [org.hibernate.type.BasicTypeRegistry] - Adding type registration imm_timestamp -> org.hibernate.type.AdaptedImmutableType@1af4955e
2017-08-23 11:07:23 [main] DEBUG [org.hibernate.type.BasicTypeRegistry] - Adding type registration imm_dbtimestamp -> org.hibernate.type.AdaptedImmutableType@445821a6
2017-08-23 11:07:23 [main] DEBUG [org.hibernate.type.BasicTypeRegistry] - Adding type registration imm_calendar -> org.hibernate.type.AdaptedImmutableType@2c0c4c0a
2017-08-23 11:07:23 [main] DEBUG [org.hibernate.type.BasicTypeRegistry] - Adding type registration imm_calendar_date -> org.hibernate.type.AdaptedImmutableType@35d26ad2
2017-08-23 11:07:23 [main] DEBUG [org.hibernate.type.BasicTypeRegistry] - Adding type registration imm_binary -> org.hibernate.type.AdaptedImmutableType@bb25753
2017-08-23 11:07:23 [main] DEBUG [org.hibernate.type.BasicTypeRegistry] - Adding type registration imm_serializable -> org.hibernate.type.AdaptedImmutableType@ee21292
2017-08-23 11:10:09 [main] DEBUG [org.jboss.logging] - Logging Provider: org.jboss.logging.Log4jLoggerProvider
2017-08-23 11:10:10 [main] INFO  [com.gdyunst.ystadmin.prepare.BaseMapperManager] - The following profiles are active: dev
2017-08-23 11:10:11 [main] DEBUG [org.mybatis.spring.boot.autoconfigure.MybatisAutoConfiguration] - Searching for mappers annotated with @Mapper
2017-08-23 11:10:11 [main] DEBUG [org.mybatis.spring.boot.autoconfigure.MybatisAutoConfiguration] - Using auto-configuration base package 'com.gdyunst.ystadmin'
2017-08-23 11:10:11 [main] WARN  [org.mybatis.spring.mapper.ClassPathMapperScanner] - No MyBatis mapper was found in '[com.gdyunst.ystadmin]' package. Please check your configuration.
